<?xml version="1.0" encoding="UTF-8"?>
<!-- Generated by org.testng.reporters.JUnitReportReporter -->
<testsuite hostname="DESKTOP-OEOSN9E" failures="0" tests="1" name="com.ibm.fst1.TC04_ComputerDatabase" time="20.155" errors="0" timestamp="2022-12-11T12:21:32 IST" skipped="0">
  <testcase classname="com.ibm.fst1.TC04_ComputerDatabase" name="cmpDbsDemo" time="20.155"/>
  <system-out/>
</testsuite> <!-- com.ibm.fst1.TC04_ComputerDatabase -->
